0 info it worked if it ends with ok
1 verbose cli [ '/usr/local/Cellar/node/6.2.0/bin/node',
1 verbose cli   '/usr/local/bin/npm',
1 verbose cli   'run',
1 verbose cli   'node' ]
2 info using npm@3.8.9
3 info using node@v6.2.0
4 verbose run-script [ 'prenode', 'node', 'postnode' ]
5 info lifecycle achievos-chrome-extension@1.0.0~prenode: achievos-chrome-extension@1.0.0
6 silly lifecycle achievos-chrome-extension@1.0.0~prenode: no script for prenode, continuing
7 info lifecycle achievos-chrome-extension@1.0.0~node: achievos-chrome-extension@1.0.0
8 verbose lifecycle achievos-chrome-extension@1.0.0~node: unsafe-perm in lifecycle true
9 verbose lifecycle achievos-chrome-extension@1.0.0~node: PATH: /usr/local/lib/node_modules/npm/bin/node-gyp-bin:/Users/nick.mcmillan/Documents/Sites/achievos/node_modules/.bin:/usr/local/Cellar/node/6.2.0/bin:/usr/local/bin:/usr/bin:/bin:/usr/sbin:/sbin
10 verbose lifecycle achievos-chrome-extension@1.0.0~node: CWD: /Users/nick.mcmillan/Documents/Sites/achievos
11 silly lifecycle achievos-chrome-extension@1.0.0~node: Args: [ '-c', 'node app.js' ]
12 silly lifecycle achievos-chrome-extension@1.0.0~node: Returned: code: 1  signal: null
13 info lifecycle achievos-chrome-extension@1.0.0~node: Failed to exec node script
14 verbose stack Error: achievos-chrome-extension@1.0.0 node: `node app.js`
14 verbose stack Exit status 1
14 verbose stack     at EventEmitter.<anonymous> (/usr/local/lib/node_modules/npm/lib/utils/lifecycle.js:245:16)
14 verbose stack     at emitTwo (events.js:106:13)
14 verbose stack     at EventEmitter.emit (events.js:191:7)
14 verbose stack     at ChildProcess.<anonymous> (/usr/local/lib/node_modules/npm/lib/utils/spawn.js:24:14)
14 verbose stack     at emitTwo (events.js:106:13)
14 verbose stack     at ChildProcess.emit (events.js:191:7)
14 verbose stack     at maybeClose (internal/child_process.js:850:16)
14 verbose stack     at Process.ChildProcess._handle.onexit (internal/child_process.js:215:5)
15 verbose pkgid achievos-chrome-extension@1.0.0
16 verbose cwd /Users/nick.mcmillan/Documents/Sites/achievos
17 error Darwin 15.5.0
18 error argv "/usr/local/Cellar/node/6.2.0/bin/node" "/usr/local/bin/npm" "run" "node"
19 error node v6.2.0
20 error npm  v3.8.9
21 error code ELIFECYCLE
22 error achievos-chrome-extension@1.0.0 node: `node app.js`
22 error Exit status 1
23 error Failed at the achievos-chrome-extension@1.0.0 node script 'node app.js'.
23 error Make sure you have the latest version of node.js and npm installed.
23 error If you do, this is most likely a problem with the achievos-chrome-extension package,
23 error not with npm itself.
23 error Tell the author that this fails on your system:
23 error     node app.js
23 error You can get information on how to open an issue for this project with:
23 error     npm bugs achievos-chrome-extension
23 error Or if that isn't available, you can get their info via:
23 error     npm owner ls achievos-chrome-extension
23 error There is likely additional logging output above.
24 verbose exit [ 1, true ]
